<?xml version="1.0" encoding="UTF-8"?>
<testsuites name="Open Gif" time="20.199" tests="1" failures="0" errors="0">
   <testsuite name="Open Gif" tests="1" failures="0" errors="0" time="20.199" skipped="0" timestamp="2022-11-22 21:12:34" hostname="Mazway - DESKTOP-NTMPTGI.lan" id="Test Suites/Regression Test/Open Gif">
      <properties>
         <property name="deviceName" value="emulator-5554 (Android SDK built for x86 - Android 10)"/>
         <property name="devicePlatform" value=""/>
         <property name="logFolder" value="C:\\Users\\Mazway\\Documents\\QA Engineer\\Katalon Sample Project\\Firts-Automate-Mobile-Android\\Reports\\20221122_211206\\Regression Test\\Open Gif\\20221122_211209"/>
         <property name="logFiles" value="C:\\Users\\Mazway\\Documents\\QA Engineer\\Katalon Sample Project\\Firts-Automate-Mobile-Android\\Reports\\20221122_211206\\Regression Test\\Open Gif\\20221122_211209\\appium.log, C:\\Users\\Mazway\\Documents\\QA Engineer\\Katalon Sample Project\\Firts-Automate-Mobile-Android\\Reports\\20221122_211206\\Regression Test\\Open Gif\\20221122_211209\\execution0.log"/>
         <property name="attachments" value=""/>
         <property name="hostName" value="Mazway - DESKTOP-NTMPTGI.lan"/>
         <property name="os" value="Windows 10 64bit"/>
         <property name="appiumServerStatus" value="{&quot;value&quot;:{&quot;build&quot;:{&quot;version&quot;:&quot;1.22.3&quot;}},&quot;sessionId&quot;:null,&quot;status&quot;:0}"/>
         <property name="katalonVersion" value="8.5.2.208"/>
         <property name="deviceOS" value="Android"/>
         <property name="appiumVersion" value="1.22.3"/>
         <property name="deviceModel" value="Android SDK built for x86"/>
         <property name="hostAddress" value="192.168.1.104"/>
         <property name="deviceManufacturer" value="Google"/>
         <property name="deviceId" value="emulator-5554"/>
         <property name="deviceName" value="emulator-5554 (Android SDK built for x86 - Android 10)"/>
         <property name="deviceOSVersion" value="10"/>
      </properties>
      <testcase name="Test Cases/Open Gif" time="19.903" classname="Test Cases/Open Gif" status="PASSED">
         <system-out><![CDATA[2022-11-22 21:12:35 - [TEST_CASE][PASSED] - Test Cases/Open Gif: Test Cases/Open Gif

2022-11-22 21:12:35 - [TEST_STEP][PASSED] - startApplication("C:\Users\Mazway\Documents\QA Engineer\Katalon Sample Project\Firts-Automate-Mobile-Android\Mobile App\app-pendaki.apk", true): Started app at: 'C:\Users\Mazway\Documents\QA Engineer\Katalon Sample Project\Firts-Automate-Mobile-Android\Mobile App\app-pendaki.apk'

2022-11-22 21:12:36 - [MESSAGE][INFO] - Detected NodeJS location: "C:\Program Files\nodejs\node.exe"

2022-11-22 21:12:37 - [MESSAGE][INFO] - Appium server started on port 64,027

2022-11-22 21:12:49 - [MESSAGE][PASSED] - Started app at: 'C:\Users\Mazway\Documents\QA Engineer\Katalon Sample Project\Firts-Automate-Mobile-Android\Mobile App\app-pendaki.apk'

2022-11-22 21:12:49 - [TEST_STEP][PASSED] - tap(findTestObject("Object Repository/Mobile/burgerMenu.ImageButton"), 0): Tapped on element 'Object Repository/Mobile/burgerMenu.ImageButton'

2022-11-22 21:12:49 - [MESSAGE][WARNING] - Timeout '0' is invalid. Using default page load timeout: '30'

2022-11-22 21:12:50 - [MESSAGE][PASSED] - Tapped on element 'Object Repository/Mobile/burgerMenu.ImageButton'

2022-11-22 21:12:50 - [TEST_STEP][PASSED] - tap(findTestObject("Object Repository/Mobile/sideMenu.CheckedTextView - Peralatan"), 0): Tapped on element 'Object Repository/Mobile/sideMenu.CheckedTextView - Peralatan'

2022-11-22 21:12:50 - [MESSAGE][WARNING] - Timeout '0' is invalid. Using default page load timeout: '30'

2022-11-22 21:12:51 - [MESSAGE][PASSED] - Tapped on element 'Object Repository/Mobile/sideMenu.CheckedTextView - Peralatan'

2022-11-22 21:12:51 - [TEST_STEP][PASSED] - tap(findTestObject("Object Repository/Mobile/contentMenu.TextView - Tenda"), 0): Tapped on element 'Object Repository/Mobile/contentMenu.TextView - Tenda'

2022-11-22 21:12:51 - [MESSAGE][WARNING] - Timeout '0' is invalid. Using default page load timeout: '30'

2022-11-22 21:12:53 - [MESSAGE][PASSED] - Tapped on element 'Object Repository/Mobile/contentMenu.TextView - Tenda'

2022-11-22 21:12:53 - [TEST_STEP][PASSED] - comment("Then the correct dialog message should be displayed"): Then the correct dialog message should be displayed

2022-11-22 21:12:53 - [MESSAGE][INFO] - Then the correct dialog message should be displayed

2022-11-22 21:12:53 - [TEST_STEP][PASSED] - verifyElementText(findTestObject("Mobile/Assertion.TextView - Tenda"), "Tenda"): Actual text and expected text of test object 'Object Repository/Mobile/Assertion.TextView - Tenda' are matched.

2022-11-22 21:12:54 - [MESSAGE][PASSED] - Actual text and expected text of test object 'Object Repository/Mobile/Assertion.TextView - Tenda' are matched.

2022-11-22 21:12:54 - [TEST_STEP][PASSED] - closeApplication(): Close app successfully

2022-11-22 21:12:55 - [MESSAGE][PASSED] - Close app successfully]]></system-out>
         <system-err><![CDATA[]]></system-err>
      </testcase>
      <system-out><![CDATA[2022-11-22 21:12:34 - [TEST_SUITE][PASSED] - Open Gif: Test Cases/Open Gif]]></system-out>
      <system-err><![CDATA[]]></system-err>
   </testsuite>
</testsuites>
